<?xml version="1.0" encoding="UTF-8"?>
<!-- Generated by org.testng.reporters.JUnitXMLReporter -->
<testsuite ignored="0" hostname="LAPTOP-1FIPA7AI" failures="0" tests="3" name="VDLProject" time="9.514" errors="0" timestamp="2022-04-21T13:19:34 EDT">
  <testcase classname="LandingPageTest" name="validateLandingPageTitle" time="0.008"/>
  <testcase classname="LandingPageTest" name="validatecrmLogoTest" time="0.026"/>
  <testcase classname="LandingPageTest" name="loginTest" time="1.961"/>
</testsuite> <!-- VDLProject -->
